An unexpected error occurred:

Error: Cannot find module '@nomicfoundation/hardhat-toolchain'
Require stack:
- /Users/mac/Downloads/files (4)/hardhat.config.js
- /Users/mac/Downloads/files (4)/node_modules/hardhat/internal/core/config/config-loading.js
- /Users/mac/Downloads/files (4)/node_modules/hardhat/internal/cli/cli.js
- /Users/mac/Downloads/files (4)/node_modules/hardhat/internal/cli/bootstrap.js
    at Module._resolveFilename (node:internal/modules/cjs/loader:1410:15)
    at defaultResolveImpl (node:internal/modules/cjs/loader:1051:19)
    at resolveForCJSWithHooks (node:internal/modules/cjs/loader:1056:22)
    at Module._load (node:internal/modules/cjs/loader:1219:37)
    at TracingChannel.traceSync (node:diagnostics_channel:322:14)
    at wrapModuleLoad (node:internal/modules/cjs/loader:238:24)
    at Module.require (node:internal/modules/cjs/loader:1493:12)
    at require (node:internal/modules/helpers:152:16)
    at Object.<anonymous> (/Users/mac/Downloads/files (4)/hardhat.config.js:1:1)
    at Module._compile (node:internal/modules/cjs/loader:1738:14) {
  code: 'MODULE_NOT_FOUND',
  requireStack: [
    '/Users/mac/Downloads/files (4)/hardhat.config.js',
    '/Users/mac/Downloads/files (4)/node_modules/hardhat/internal/core/config/config-loading.js',
    '/Users/mac/Downloads/files (4)/node_modules/hardhat/internal/cli/cli.js',
    '/Users/mac/Downloads/files (4)/node_modules/hardhat/internal/cli/bootstrap.js'
  ]
}
